{"/opt/ui/src/components/AcceptedPage.jsx": {"path":"/opt/ui/src/components/AcceptedPage.jsx","statementMap":{"0":{"start":{"line":8,"column":28},"end":{"line":8,"column":43}},"1":{"start":{"line":9,"column":28},"end":{"line":89,"column":1}},"2":{"start":{"line":10,"column":26},"end":{"line":10,"column":38}},"3":{"start":{"line":11,"column":28},"end":{"line":11,"column":39}},"4":{"start":{"line":12,"column":26},"end":{"line":12,"column":37}},"5":{"start":{"line":13,"column":38},"end":{"line":13,"column":52}},"6":{"start":{"line":14,"column":38},"end":{"line":14,"column":53}},"7":{"start":{"line":16,"column":23},"end":{"line":21,"column":3}},"8":{"start":{"line":18,"column":4},"end":{"line":18,"column":16}},"9":{"start":{"line":19,"column":4},"end":{"line":19,"column":15}},"10":{"start":{"line":20,"column":4},"end":{"line":20,"column":24}},"11":{"start":{"line":22,"column":20},"end":{"line":52,"column":3}},"12":{"start":{"line":23,"column":14},"end":{"line":25,"column":78}},"13":{"start":{"line":27,"column":4},"end":{"line":51,"column":9}},"14":{"start":{"line":29,"column":8},"end":{"line":32,"column":9}},"15":{"start":{"line":30,"column":10},"end":{"line":30,"column":33}},"16":{"start":{"line":35,"column":8},"end":{"line":47,"column":9}},"17":{"start":{"line":36,"column":24},"end":{"line":36,"column":26}},"18":{"start":{"line":37,"column":10},"end":{"line":39,"column":11}},"19":{"start":{"line":38,"column":12},"end":{"line":38,"column":45}},"20":{"start":{"line":40,"column":10},"end":{"line":40,"column":32}},"21":{"start":{"line":42,"column":24},"end":{"line":42,"column":26}},"22":{"start":{"line":43,"column":10},"end":{"line":45,"column":11}},"23":{"start":{"line":44,"column":12},"end":{"line":44,"column":45}},"24":{"start":{"line":46,"column":10},"end":{"line":46,"column":41}},"25":{"start":{"line":49,"column":8},"end":{"line":49,"column":37}},"26":{"start":{"line":50,"column":8},"end":{"line":50,"column":26}},"27":{"start":{"line":54,"column":2},"end":{"line":60,"column":4}},"28":{"start":{"line":56,"column":6},"end":{"line":56,"column":18}},"29":{"start":{"line":61,"column":2},"end":{"line":61,"column":30}},"30":{"start":{"line":63,"column":2},"end":{"line":88,"column":4}},"31":{"start":{"line":84,"column":10},"end":{"line":84,"column":56}}},"fnMap":{"0":{"name":"(anonymous_0)","decl":{"start":{"line":9,"column":28},"end":{"line":9,"column":29}},"loc":{"start":{"line":9,"column":39},"end":{"line":89,"column":1}},"line":9},"1":{"name":"(anonymous_1)","decl":{"start":{"line":16,"column":23},"end":{"line":16,"column":24}},"loc":{"start":{"line":16,"column":39},"end":{"line":21,"column":3}},"line":16},"2":{"name":"(anonymous_2)","decl":{"start":{"line":22,"column":20},"end":{"line":22,"column":21}},"loc":{"start":{"line":22,"column":42},"end":{"line":52,"column":3}},"line":22},"3":{"name":"(anonymous_3)","decl":{"start":{"line":28,"column":12},"end":{"line":28,"column":13}},"loc":{"start":{"line":28,"column":26},"end":{"line":33,"column":7}},"line":28},"4":{"name":"(anonymous_4)","decl":{"start":{"line":34,"column":12},"end":{"line":34,"column":13}},"loc":{"start":{"line":34,"column":30},"end":{"line":51,"column":7}},"line":34},"5":{"name":"(anonymous_5)","decl":{"start":{"line":55,"column":4},"end":{"line":55,"column":5}},"loc":{"start":{"line":55,"column":10},"end":{"line":57,"column":5}},"line":55},"6":{"name":"(anonymous_6)","decl":{"start":{"line":61,"column":12},"end":{"line":61,"column":13}},"loc":{"start":{"line":61,"column":18},"end":{"line":61,"column":20}},"line":61},"7":{"name":"(anonymous_7)","decl":{"start":{"line":83,"column":18},"end":{"line":83,"column":19}},"loc":{"start":{"line":83,"column":34},"end":{"line":85,"column":9}},"line":83}},"branchMap":{"0":{"loc":{"start":{"line":23,"column":14},"end":{"line":25,"column":78}},"type":"cond-expr","locations":[{"start":{"line":24,"column":8},"end":{"line":24,"column":99}},{"start":{"line":25,"column":8},"end":{"line":25,"column":78}}],"line":23},"1":{"loc":{"start":{"line":29,"column":8},"end":{"line":32,"column":9}},"type":"if","locations":[{"start":{"line":29,"column":8},"end":{"line":32,"column":9}},{"start":{"line":31,"column":15},"end":{"line":32,"column":9}}],"line":29},"2":{"loc":{"start":{"line":35,"column":8},"end":{"line":47,"column":9}},"type":"if","locations":[{"start":{"line":35,"column":8},"end":{"line":47,"column":9}},{"start":{"line":41,"column":15},"end":{"line":47,"column":9}}],"line":35},"3":{"loc":{"start":{"line":37,"column":10},"end":{"line":39,"column":11}},"type":"if","locations":[{"start":{"line":37,"column":10},"end":{"line":39,"column":11}},{"start":{},"end":{}}],"line":37},"4":{"loc":{"start":{"line":43,"column":10},"end":{"line":45,"column":11}},"type":"if","locations":[{"start":{"line":43,"column":10},"end":{"line":45,"column":11}},{"start":{},"end":{}}],"line":43}},"s":{"0":1,"1":1,"2":7,"3":7,"4":7,"5":7,"6":7,"7":7,"8":1,"9":1,"10":1,"11":7,"12":2,"13":2,"14":2,"15":2,"16":2,"17":0,"18":0,"19":0,"20":0,"21":2,"22":2,"23":2,"24":2,"25":2,"26":2,"27":7,"28":2,"29":7,"30":7,"31":2},"f":{"0":7,"1":1,"2":2,"3":2,"4":2,"5":2,"6":7,"7":2},"b":{"0":[0,2],"1":[2,0],"2":[0,2],"3":[0,0],"4":[2,0]},"_coverageSchema":"1a1c01bbd47fc00a2c39e90264f33305004495a9","hash":"a91e39b003aa0a7c68b0fdc7a6d62542243ac6db"}
,"/opt/ui/src/components/Lead/AcceptedCard.jsx": {"path":"/opt/ui/src/components/Lead/AcceptedCard.jsx","statementMap":{"0":{"start":{"line":5,"column":21},"end":{"line":22,"column":1}},"1":{"start":{"line":6,"column":2},"end":{"line":21,"column":4}}},"fnMap":{"0":{"name":"(anonymous_0)","decl":{"start":{"line":5,"column":21},"end":{"line":5,"column":22}},"loc":{"start":{"line":5,"column":34},"end":{"line":22,"column":1}},"line":5}},"branchMap":{},"s":{"0":2,"1":3},"f":{"0":3},"b":{},"_coverageSchema":"1a1c01bbd47fc00a2c39e90264f33305004495a9","hash":"e5aeebe8dac2f78edf8b1f1e4bfc3f6067f9033f"}
,"/opt/ui/src/components/Lead/LeadCustomerDetails.jsx": {"path":"/opt/ui/src/components/Lead/LeadCustomerDetails.jsx","statementMap":{"0":{"start":{"line":1,"column":28},"end":{"line":30,"column":1}},"1":{"start":{"line":2,"column":2},"end":{"line":29,"column":4}}},"fnMap":{"0":{"name":"(anonymous_0)","decl":{"start":{"line":1,"column":28},"end":{"line":1,"column":29}},"loc":{"start":{"line":1,"column":50},"end":{"line":30,"column":1}},"line":1}},"branchMap":{},"s":{"0":2,"1":3},"f":{"0":3},"b":{},"_coverageSchema":"1a1c01bbd47fc00a2c39e90264f33305004495a9","hash":"abf72a6f49b6334f7ca6b28c59f8e4499fe94a07"}
,"/opt/ui/src/components/Lead/LeadDescription.jsx": {"path":"/opt/ui/src/components/Lead/LeadDescription.jsx","statementMap":{"0":{"start":{"line":3,"column":24},"end":{"line":9,"column":1}},"1":{"start":{"line":4,"column":4},"end":{"line":8,"column":5}}},"fnMap":{"0":{"name":"(anonymous_0)","decl":{"start":{"line":3,"column":24},"end":{"line":3,"column":25}},"loc":{"start":{"line":3,"column":41},"end":{"line":9,"column":1}},"line":3}},"branchMap":{},"s":{"0":2,"1":3},"f":{"0":3},"b":{},"_coverageSchema":"1a1c01bbd47fc00a2c39e90264f33305004495a9","hash":"6df14313dda8b7ccd36abb931515df50d83cf3da"}
,"/opt/ui/src/components/Lead/LeadJobInformation.jsx": {"path":"/opt/ui/src/components/Lead/LeadJobInformation.jsx","statementMap":{"0":{"start":{"line":1,"column":27},"end":{"line":39,"column":1}},"1":{"start":{"line":2,"column":2},"end":{"line":38,"column":4}}},"fnMap":{"0":{"name":"(anonymous_0)","decl":{"start":{"line":1,"column":27},"end":{"line":1,"column":28}},"loc":{"start":{"line":1,"column":67},"end":{"line":39,"column":1}},"line":1}},"branchMap":{},"s":{"0":2,"1":3},"f":{"0":3},"b":{},"_coverageSchema":"1a1c01bbd47fc00a2c39e90264f33305004495a9","hash":"ea599bb26e5f2146dfe6f8ee2aec84b43cbf71d1"}
,"/opt/ui/src/components/Lead/LeadName.jsx": {"path":"/opt/ui/src/components/Lead/LeadName.jsx","statementMap":{"0":{"start":{"line":2,"column":17},"end":{"line":21,"column":1}},"1":{"start":{"line":3,"column":2},"end":{"line":20,"column":4}}},"fnMap":{"0":{"name":"(anonymous_0)","decl":{"start":{"line":2,"column":17},"end":{"line":2,"column":18}},"loc":{"start":{"line":2,"column":46},"end":{"line":21,"column":1}},"line":2}},"branchMap":{"0":{"loc":{"start":{"line":11,"column":9},"end":{"line":15,"column":9}},"type":"cond-expr","locations":[{"start":{"line":12,"column":10},"end":{"line":12,"column":64}},{"start":{"line":14,"column":10},"end":{"line":14,"column":50}}],"line":11}},"s":{"0":2,"1":3},"f":{"0":3},"b":{"0":[0,3]},"_coverageSchema":"1a1c01bbd47fc00a2c39e90264f33305004495a9","hash":"ef4d070a90f4c61ff7e7e911778eedd7db8f0cf8"}
,"/opt/ui/src/components/Lead/LeadSearchBar.jsx": {"path":"/opt/ui/src/components/Lead/LeadSearchBar.jsx","statementMap":{"0":{"start":{"line":1,"column":22},"end":{"line":15,"column":1}},"1":{"start":{"line":2,"column":2},"end":{"line":14,"column":4}},"2":{"start":{"line":10,"column":23},"end":{"line":10,"column":53}}},"fnMap":{"0":{"name":"(anonymous_0)","decl":{"start":{"line":1,"column":22},"end":{"line":1,"column":23}},"loc":{"start":{"line":1,"column":56},"end":{"line":15,"column":1}},"line":1},"1":{"name":"(anonymous_1)","decl":{"start":{"line":10,"column":20},"end":{"line":10,"column":21}},"loc":{"start":{"line":10,"column":23},"end":{"line":10,"column":53}},"line":10}},"branchMap":{},"s":{"0":1,"1":7,"2":1},"f":{"0":7,"1":1},"b":{},"_coverageSchema":"1a1c01bbd47fc00a2c39e90264f33305004495a9","hash":"e5f1aafa421c1c202c22543d5dac69a0aa9b0994"}
,"/opt/ui/src/components/Lead/Loading.jsx": {"path":"/opt/ui/src/components/Lead/Loading.jsx","statementMap":{"0":{"start":{"line":3,"column":16},"end":{"line":8,"column":1}},"1":{"start":{"line":5,"column":4},"end":{"line":7,"column":10}}},"fnMap":{"0":{"name":"(anonymous_0)","decl":{"start":{"line":3,"column":16},"end":{"line":3,"column":17}},"loc":{"start":{"line":3,"column":20},"end":{"line":8,"column":1}},"line":3}},"branchMap":{},"s":{"0":1,"1":1},"f":{"0":1},"b":{},"_coverageSchema":"1a1c01bbd47fc00a2c39e90264f33305004495a9","hash":"abbec35a6198eb46ed85f322ad0b93989be40bc7"}
,"/opt/ui/src/util/formatDate.js": {"path":"/opt/ui/src/util/formatDate.js","statementMap":{"0":{"start":{"line":1,"column":19},"end":{"line":17,"column":1}},"1":{"start":{"line":3,"column":2},"end":{"line":16,"column":3}},"2":{"start":{"line":4,"column":23},"end":{"line":4,"column":37}},"3":{"start":{"line":5,"column":17},"end":{"line":9,"column":25}},"4":{"start":{"line":10,"column":18},"end":{"line":10,"column":73}},"5":{"start":{"line":11,"column":16},"end":{"line":11,"column":36}},"6":{"start":{"line":13,"column":4},"end":{"line":13,"column":39}},"7":{"start":{"line":15,"column":4},"end":{"line":15,"column":25}}},"fnMap":{"0":{"name":"(anonymous_0)","decl":{"start":{"line":1,"column":19},"end":{"line":1,"column":20}},"loc":{"start":{"line":1,"column":29},"end":{"line":17,"column":1}},"line":1}},"branchMap":{},"s":{"0":3,"1":5,"2":5,"3":5,"4":4,"5":4,"6":4,"7":1},"f":{"0":5},"b":{},"_coverageSchema":"1a1c01bbd47fc00a2c39e90264f33305004495a9","hash":"474e3e9bb2321443256a9aa700100c7259abf6c6"}
,"/opt/ui/src/util/useDebounce.js": {"path":"/opt/ui/src/util/useDebounce.js","statementMap":{"0":{"start":{"line":5,"column":20},"end":{"line":11,"column":1}},"1":{"start":{"line":6,"column":19},"end":{"line":6,"column":62}},"2":{"start":{"line":7,"column":2},"end":{"line":10,"column":24}},"3":{"start":{"line":8,"column":20},"end":{"line":8,"column":47}},"4":{"start":{"line":9,"column":4},"end":{"line":9,"column":39}},"5":{"start":{"line":9,"column":17},"end":{"line":9,"column":38}}},"fnMap":{"0":{"name":"(anonymous_0)","decl":{"start":{"line":5,"column":20},"end":{"line":5,"column":21}},"loc":{"start":{"line":5,"column":63},"end":{"line":11,"column":1}},"line":5},"1":{"name":"(anonymous_1)","decl":{"start":{"line":7,"column":12},"end":{"line":7,"column":13}},"loc":{"start":{"line":7,"column":18},"end":{"line":10,"column":3}},"line":7},"2":{"name":"(anonymous_2)","decl":{"start":{"line":9,"column":11},"end":{"line":9,"column":12}},"loc":{"start":{"line":9,"column":17},"end":{"line":9,"column":38}},"line":9}},"branchMap":{},"s":{"0":2,"1":8,"2":8,"3":6,"4":6,"5":6},"f":{"0":8,"1":6,"2":6},"b":{},"_coverageSchema":"1a1c01bbd47fc00a2c39e90264f33305004495a9","hash":"f87c18e3242d3c851a986e7786e6f28edf3bd382"}
}
