TN:
SF:src/components/AcceptedPage.jsx
FN:9,(anonymous_0)
FN:16,(anonymous_1)
FN:22,(anonymous_2)
FN:28,(anonymous_3)
FN:34,(anonymous_4)
FN:55,(anonymous_5)
FN:61,(anonymous_6)
FN:83,(anonymous_7)
FNF:8
FNH:8
FNDA:7,(anonymous_0)
FNDA:1,(anonymous_1)
FNDA:2,(anonymous_2)
FNDA:2,(anonymous_3)
FNDA:2,(anonymous_4)
FNDA:2,(anonymous_5)
FNDA:7,(anonymous_6)
FNDA:2,(anonymous_7)
DA:8,1
DA:9,1
DA:10,7
DA:11,7
DA:12,7
DA:13,7
DA:14,7
DA:16,7
DA:18,1
DA:19,1
DA:20,1
DA:22,7
DA:23,2
DA:27,2
DA:29,2
DA:30,2
DA:35,2
DA:36,0
DA:37,0
DA:38,0
DA:40,0
DA:42,2
DA:43,2
DA:44,2
DA:46,2
DA:49,2
DA:50,2
DA:54,7
DA:56,2
DA:61,7
DA:63,7
DA:84,2
LF:32
LH:28
BRDA:23,0,0,0
BRDA:23,0,1,2
BRDA:29,1,0,2
BRDA:29,1,1,0
BRDA:35,2,0,0
BRDA:35,2,1,2
BRDA:37,3,0,0
BRDA:37,3,1,0
BRDA:43,4,0,2
BRDA:43,4,1,0
BRF:10
BRH:4
end_of_record
TN:
SF:src/components/Lead/AcceptedCard.jsx
FN:5,(anonymous_0)
FNF:1
FNH:1
FNDA:3,(anonymous_0)
DA:5,2
DA:6,3
LF:2
LH:2
BRF:0
BRH:0
end_of_record
TN:
SF:src/components/Lead/LeadCustomerDetails.jsx
FN:1,(anonymous_0)
FNF:1
FNH:1
FNDA:3,(anonymous_0)
DA:1,2
DA:2,3
LF:2
LH:2
BRF:0
BRH:0
end_of_record
TN:
SF:src/components/Lead/LeadDescription.jsx
FN:3,(anonymous_0)
FNF:1
FNH:1
FNDA:3,(anonymous_0)
DA:3,2
DA:4,3
LF:2
LH:2
BRF:0
BRH:0
end_of_record
TN:
SF:src/components/Lead/LeadJobInformation.jsx
FN:1,(anonymous_0)
FNF:1
FNH:1
FNDA:3,(anonymous_0)
DA:1,2
DA:2,3
LF:2
LH:2
BRF:0
BRH:0
end_of_record
TN:
SF:src/components/Lead/LeadName.jsx
FN:2,(anonymous_0)
FNF:1
FNH:1
FNDA:3,(anonymous_0)
DA:2,2
DA:3,3
LF:2
LH:2
BRDA:11,0,0,0
BRDA:11,0,1,3
BRF:2
BRH:1
end_of_record
TN:
SF:src/components/Lead/LeadSearchBar.jsx
FN:1,(anonymous_0)
FN:10,(anonymous_1)
FNF:2
FNH:2
FNDA:7,(anonymous_0)
FNDA:1,(anonymous_1)
DA:1,1
DA:2,7
DA:10,1
LF:3
LH:3
BRF:0
BRH:0
end_of_record
TN:
SF:src/components/Lead/Loading.jsx
FN:3,(anonymous_0)
FNF:1
FNH:1
FNDA:1,(anonymous_0)
DA:3,1
DA:5,1
LF:2
LH:2
BRF:0
BRH:0
end_of_record
TN:
SF:src/util/formatDate.js
FN:1,(anonymous_0)
FNF:1
FNH:1
FNDA:5,(anonymous_0)
DA:1,3
DA:3,5
DA:4,5
DA:5,5
DA:10,4
DA:11,4
DA:13,4
DA:15,1
LF:8
LH:8
BRF:0
BRH:0
end_of_record
TN:
SF:src/util/useDebounce.js
FN:5,(anonymous_0)
FN:7,(anonymous_1)
FN:9,(anonymous_2)
FNF:3
FNH:3
FNDA:8,(anonymous_0)
FNDA:6,(anonymous_1)
FNDA:6,(anonymous_2)
DA:5,2
DA:6,8
DA:7,8
DA:8,6
DA:9,6
LF:5
LH:5
BRF:0
BRH:0
end_of_record
