{"/opt/server/src/app.ts": {"path":"/opt/server/src/app.ts","statementMap":{"0":{"start":{"line":1,"column":0},"end":{"line":1,"column":35}},"1":{"start":{"line":2,"column":0},"end":{"line":2,"column":42}},"2":{"start":{"line":3,"column":0},"end":{"line":3,"column":29}},"3":{"start":{"line":4,"column":0},"end":{"line":4,"column":30}},"4":{"start":{"line":5,"column":0},"end":{"line":5,"column":51}},"5":{"start":{"line":8,"column":14},"end":{"line":8,"column":23}},"6":{"start":{"line":10,"column":2},"end":{"line":10,"column":null}},"7":{"start":{"line":11,"column":2},"end":{"line":13,"column":5}},"8":{"start":{"line":12,"column":4},"end":{"line":12,"column":49}},"9":{"start":{"line":15,"column":2},"end":{"line":15,"column":29}},"10":{"start":{"line":16,"column":2},"end":{"line":16,"column":28}},"11":{"start":{"line":17,"column":2},"end":{"line":17,"column":18}},"12":{"start":{"line":18,"column":2},"end":{"line":18,"column":26}},"13":{"start":{"line":21,"column":2},"end":{"line":21,"column":28}},"14":{"start":{"line":23,"column":1},"end":{"line":23,"column":null}},"15":{"start":{"line":26,"column":0},"end":{"line":26,"column":null}}},"fnMap":{"0":{"name":"getApp","decl":{"start":{"line":7,"column":9},"end":{"line":7,"column":15}},"loc":{"start":{"line":7,"column":15},"end":{"line":24,"column":1}}},"1":{"name":"(anonymous_1)","decl":{"start":{"line":11,"column":21},"end":{"line":11,"column":22}},"loc":{"start":{"line":11,"column":70},"end":{"line":13,"column":3}}}},"branchMap":{},"s":{"0":1,"1":1,"2":1,"3":1,"4":1,"5":1,"6":1,"7":1,"8":1,"9":1,"10":1,"11":1,"12":1,"13":1,"14":1,"15":1},"f":{"0":1,"1":1},"b":{}}
,"/opt/server/src/database.ts": {"path":"/opt/server/src/database.ts","statementMap":{"0":{"start":{"line":2,"column":0},"end":{"line":2,"column":35}},"1":{"start":{"line":3,"column":0},"end":{"line":3,"column":45}},"2":{"start":{"line":5,"column":16},"end":{"line":14,"column":2}},"3":{"start":{"line":16,"column":13},"end":{"line":18,"column":null}}},"fnMap":{},"branchMap":{},"s":{"0":1,"1":1,"2":1,"3":1},"f":{},"b":{}}
,"/opt/server/src/redis.ts": {"path":"/opt/server/src/redis.ts","statementMap":{"0":{"start":{"line":1,"column":0},"end":{"line":1,"column":30}},"1":{"start":{"line":7,"column":15},"end":{"line":9,"column":4}},"2":{"start":{"line":14,"column":8},"end":{"line":16,"column":null}},"3":{"start":{"line":15,"column":10},"end":{"line":15,"column":41}},"4":{"start":{"line":18,"column":8},"end":{"line":18,"column":39}},"5":{"start":{"line":22,"column":8},"end":{"line":22,"column":null}},"6":{"start":{"line":26,"column":6},"end":{"line":26,"column":null}},"7":{"start":{"line":30,"column":22},"end":{"line":30,"column":43}},"8":{"start":{"line":31,"column":8},"end":{"line":31,"column":null}},"9":{"start":{"line":35,"column":24},"end":{"line":35,"column":46}},"10":{"start":{"line":36,"column":6},"end":{"line":36,"column":null}},"11":{"start":{"line":40,"column":6},"end":{"line":40,"column":null}},"12":{"start":{"line":11,"column":0},"end":{"line":11,"column":13}},"13":{"start":{"line":45,"column":20},"end":{"line":45,"column":40}},"14":{"start":{"line":48,"column":0},"end":{"line":48,"column":null}}},"fnMap":{"0":{"name":"(anonymous_7)","decl":{"start":{"line":13,"column":4},"end":{"line":13,"column":null}},"loc":{"start":{"line":13,"column":4},"end":{"line":19,"column":5}}},"1":{"name":"(anonymous_8)","decl":{"start":{"line":20,"column":10},"end":{"line":20,"column":17}},"loc":{"start":{"line":20,"column":17},"end":{"line":24,"column":null}}},"2":{"name":"(anonymous_10)","decl":{"start":{"line":25,"column":10},"end":{"line":25,"column":17}},"loc":{"start":{"line":25,"column":42},"end":{"line":27,"column":null}}},"3":{"name":"(anonymous_12)","decl":{"start":{"line":29,"column":10},"end":{"line":29,"column":17}},"loc":{"start":{"line":29,"column":28},"end":{"line":32,"column":null}}},"4":{"name":"(anonymous_14)","decl":{"start":{"line":34,"column":10},"end":{"line":34,"column":23}},"loc":{"start":{"line":34,"column":34},"end":{"line":37,"column":null}}},"5":{"name":"(anonymous_16)","decl":{"start":{"line":39,"column":10},"end":{"line":39,"column":20}},"loc":{"start":{"line":39,"column":53},"end":{"line":41,"column":null}}}},"branchMap":{"0":{"loc":{"start":{"line":14,"column":8},"end":{"line":16,"column":null}},"type":"if","locations":[{"start":{"line":14,"column":8},"end":{"line":16,"column":null}}]}},"s":{"0":1,"1":1,"2":1,"3":1,"4":1,"5":1,"6":0,"7":0,"8":0,"9":8,"10":8,"11":8,"12":1,"13":1,"14":1},"f":{"0":1,"1":1,"2":0,"3":0,"4":8,"5":8},"b":{"0":[1]}}
,"/opt/server/src/routes.ts": {"path":"/opt/server/src/routes.ts","statementMap":{"0":{"start":{"line":1,"column":0},"end":{"line":1,"column":32}},"1":{"start":{"line":2,"column":0},"end":{"line":2,"column":47}},"2":{"start":{"line":4,"column":0},"end":{"line":8,"column":null}},"3":{"start":{"line":5,"column":16},"end":{"line":5,"column":24}},"4":{"start":{"line":6,"column":4},"end":{"line":6,"column":null}},"5":{"start":{"line":7,"column":4},"end":{"line":7,"column":15}}},"fnMap":{"0":{"name":"(anonymous_0)","decl":{"start":{"line":4,"column":15},"end":{"line":4,"column":18}},"loc":{"start":{"line":4,"column":20},"end":{"line":8,"column":1}}}},"branchMap":{},"s":{"0":1,"1":1,"2":1,"3":1,"4":1,"5":1},"f":{"0":1},"b":{}}
,"/opt/server/src/feature/leads/helper.ts": {"path":"/opt/server/src/feature/leads/helper.ts","statementMap":{"0":{"start":{"line":9,"column":31},"end":{"line":36,"column":1}},"1":{"start":{"line":11,"column":4},"end":{"line":11,"column":121}},"2":{"start":{"line":12,"column":32},"end":{"line":12,"column":77}},"3":{"start":{"line":14,"column":4},"end":{"line":14,"column":65}},"4":{"start":{"line":15,"column":23},"end":{"line":15,"column":53}},"5":{"start":{"line":17,"column":4},"end":{"line":17,"column":65}},"6":{"start":{"line":18,"column":27},"end":{"line":18,"column":60}},"7":{"start":{"line":19,"column":29},"end":{"line":19,"column":61}},"8":{"start":{"line":24,"column":3},"end":{"line":24,"column":8}},"9":{"start":{"line":26,"column":2},"end":{"line":35,"column":4}},"10":{"start":{"line":9,"column":13},"end":{"line":9,"column":31}},"11":{"start":{"line":38,"column":19},"end":{"line":51,"column":4}},"12":{"start":{"line":52,"column":19},"end":{"line":65,"column":4}},"13":{"start":{"line":67,"column":21},"end":{"line":93,"column":2}},"14":{"start":{"line":95,"column":21},"end":{"line":136,"column":2}}},"fnMap":{"0":{"name":"(anonymous_0)","decl":{"start":{"line":9,"column":31},"end":{"line":9,"column":34}},"loc":{"start":{"line":9,"column":36},"end":{"line":36,"column":1}}}},"branchMap":{},"s":{"0":1,"1":1,"2":1,"3":1,"4":1,"5":1,"6":1,"7":1,"8":1,"9":1,"10":1,"11":1,"12":1,"13":1,"14":1},"f":{"0":1},"b":{}}
,"/opt/server/src/feature/leads/leads.ts": {"path":"/opt/server/src/feature/leads/leads.ts","statementMap":{"0":{"start":{"line":1,"column":0},"end":{"line":1,"column":36}},"1":{"start":{"line":8,"column":25},"end":{"line":13,"column":2}},"2":{"start":{"line":8,"column":47},"end":{"line":13,"column":2}},"3":{"start":{"line":9,"column":2},"end":{"line":12,"column":31}},"4":{"start":{"line":8,"column":13},"end":{"line":8,"column":25}},"5":{"start":{"line":15,"column":23},"end":{"line":108,"column":2}},"6":{"start":{"line":15,"column":50},"end":{"line":108,"column":2}},"7":{"start":{"line":17,"column":22},"end":{"line":17,"column":24}},"8":{"start":{"line":18,"column":29},"end":{"line":106,"column":4}},"9":{"start":{"line":18,"column":74},"end":{"line":106,"column":4}},"10":{"start":{"line":19,"column":15},"end":{"line":22,"column":58}},"11":{"start":{"line":25,"column":4},"end":{"line":27,"column":null}},"12":{"start":{"line":26,"column":6},"end":{"line":26,"column":61}},"13":{"start":{"line":28,"column":4},"end":{"line":38,"column":null}},"14":{"start":{"line":29,"column":26},"end":{"line":29,"column":53}},"15":{"start":{"line":30,"column":6},"end":{"line":37,"column":8}},"16":{"start":{"line":31,"column":8},"end":{"line":36,"column":10}},"17":{"start":{"line":41,"column":4},"end":{"line":43,"column":null}},"18":{"start":{"line":42,"column":6},"end":{"line":42,"column":54}},"19":{"start":{"line":45,"column":4},"end":{"line":45,"column":29}},"20":{"start":{"line":47,"column":4},"end":{"line":51,"column":null}},"21":{"start":{"line":48,"column":25},"end":{"line":48,"column":63}},"22":{"start":{"line":50,"column":6},"end":{"line":50,"column":45}},"23":{"start":{"line":55,"column":18},"end":{"line":70,"column":16}},"24":{"start":{"line":72,"column":19},"end":{"line":86,"column":null}},"25":{"start":{"line":77,"column":8},"end":{"line":77,"column":77}},"26":{"start":{"line":89,"column":4},"end":{"line":99,"column":null}},"27":{"start":{"line":90,"column":26},"end":{"line":90,"column":53}},"28":{"start":{"line":91,"column":6},"end":{"line":98,"column":8}},"29":{"start":{"line":92,"column":8},"end":{"line":97,"column":10}},"30":{"start":{"line":101,"column":22},"end":{"line":101,"column":62}},"31":{"start":{"line":102,"column":4},"end":{"line":105,"column":6}},"32":{"start":{"line":107,"column":2},"end":{"line":107,"column":28}},"33":{"start":{"line":15,"column":13},"end":{"line":15,"column":23}},"34":{"start":{"line":110,"column":25},"end":{"line":117,"column":2}},"35":{"start":{"line":110,"column":69},"end":{"line":117,"column":2}},"36":{"start":{"line":111,"column":19},"end":{"line":115,"column":23}},"37":{"start":{"line":116,"column":2},"end":{"line":116,"column":20}},"38":{"start":{"line":110,"column":13},"end":{"line":110,"column":25}}},"fnMap":{"0":{"name":"(anonymous_7)","decl":{"start":{"line":8,"column":25},"end":{"line":8,"column":32}},"loc":{"start":{"line":8,"column":47},"end":{"line":13,"column":2}}},"1":{"name":"(anonymous_8)","decl":{"start":{"line":8,"column":47},"end":{"line":8,"column":null}},"loc":{"start":{"line":8,"column":47},"end":{"line":13,"column":1}}},"2":{"name":"(anonymous_9)","decl":{"start":{"line":15,"column":23},"end":{"line":15,"column":30}},"loc":{"start":{"line":15,"column":50},"end":{"line":108,"column":2}}},"3":{"name":"(anonymous_10)","decl":{"start":{"line":15,"column":50},"end":{"line":15,"column":null}},"loc":{"start":{"line":15,"column":50},"end":{"line":108,"column":1}}},"4":{"name":"(anonymous_11)","decl":{"start":{"line":18,"column":60},"end":{"line":18,"column":67}},"loc":{"start":{"line":18,"column":74},"end":{"line":106,"column":4}}},"5":{"name":"(anonymous_12)","decl":{"start":{"line":18,"column":74},"end":{"line":18,"column":null}},"loc":{"start":{"line":18,"column":74},"end":{"line":106,"column":3}}},"6":{"name":"(anonymous_13)","decl":{"start":{"line":30,"column":24},"end":{"line":30,"column":25}},"loc":{"start":{"line":31,"column":8},"end":{"line":36,"column":10}}},"7":{"name":"(anonymous_14)","decl":{"start":{"line":76,"column":14},"end":{"line":76,"column":15}},"loc":{"start":{"line":76,"column":36},"end":{"line":78,"column":7}}},"8":{"name":"(anonymous_15)","decl":{"start":{"line":91,"column":32},"end":{"line":91,"column":33}},"loc":{"start":{"line":92,"column":8},"end":{"line":97,"column":10}}},"9":{"name":"(anonymous_16)","decl":{"start":{"line":110,"column":25},"end":{"line":110,"column":32}},"loc":{"start":{"line":110,"column":69},"end":{"line":117,"column":2}}},"10":{"name":"(anonymous_17)","decl":{"start":{"line":110,"column":69},"end":{"line":110,"column":null}},"loc":{"start":{"line":110,"column":69},"end":{"line":117,"column":1}}}},"branchMap":{"0":{"loc":{"start":{"line":25,"column":4},"end":{"line":27,"column":null}},"type":"if","locations":[{"start":{"line":25,"column":4},"end":{"line":27,"column":null}}]},"1":{"loc":{"start":{"line":25,"column":8},"end":{"line":25,"column":77}},"type":"binary-expr","locations":[{"start":{"line":25,"column":8},"end":{"line":25,"column":43}},{"start":{"line":25,"column":47},"end":{"line":25,"column":77}}]},"2":{"loc":{"start":{"line":28,"column":4},"end":{"line":38,"column":null}},"type":"if","locations":[{"start":{"line":28,"column":4},"end":{"line":38,"column":null}}]},"3":{"loc":{"start":{"line":41,"column":4},"end":{"line":43,"column":null}},"type":"if","locations":[{"start":{"line":41,"column":4},"end":{"line":43,"column":null}}]},"4":{"loc":{"start":{"line":47,"column":4},"end":{"line":51,"column":null}},"type":"if","locations":[{"start":{"line":47,"column":4},"end":{"line":51,"column":null}}]},"5":{"loc":{"start":{"line":82,"column":9},"end":{"line":86,"column":19}},"type":"binary-expr","locations":[{"start":{"line":82,"column":9},"end":{"line":82,"column":null}},{"start":{"line":86,"column":14},"end":{"line":86,"column":19}}]},"6":{"loc":{"start":{"line":89,"column":4},"end":{"line":99,"column":null}},"type":"if","locations":[{"start":{"line":89,"column":4},"end":{"line":99,"column":null}}]}},"s":{"0":1,"1":1,"2":1,"3":1,"4":1,"5":1,"6":6,"7":6,"8":6,"9":6,"10":6,"11":6,"12":5,"13":6,"14":0,"15":0,"16":0,"17":6,"18":2,"19":6,"20":6,"21":2,"22":2,"23":6,"24":6,"25":6,"26":6,"27":0,"28":0,"29":0,"30":6,"31":6,"32":6,"33":1,"34":1,"35":1,"36":1,"37":1,"38":1},"f":{"0":1,"1":1,"2":6,"3":6,"4":6,"5":6,"6":0,"7":6,"8":0,"9":1,"10":1},"b":{"0":[5],"1":[6,6],"2":[0],"3":[2],"4":[2],"5":[6,1],"6":[0]}}
,"/opt/server/src/feature/leads/routes.ts": {"path":"/opt/server/src/feature/leads/routes.ts","statementMap":{"0":{"start":{"line":1,"column":0},"end":{"line":1,"column":52}},"1":{"start":{"line":2,"column":0},"end":{"line":2,"column":45}},"2":{"start":{"line":4,"column":15},"end":{"line":4,"column":23}},"3":{"start":{"line":6,"column":0},"end":{"line":26,"column":2}},"4":{"start":{"line":7,"column":2},"end":{"line":7,"column":28}},"5":{"start":{"line":9,"column":2},"end":{"line":16,"column":5}},"6":{"start":{"line":9,"column":56},"end":{"line":16,"column":4}},"7":{"start":{"line":10,"column":4},"end":{"line":15,"column":null}},"8":{"start":{"line":11,"column":17},"end":{"line":11,"column":35}},"9":{"start":{"line":12,"column":6},"end":{"line":12,"column":21}},"10":{"start":{"line":14,"column":6},"end":{"line":14,"column":20}},"11":{"start":{"line":18,"column":2},"end":{"line":25,"column":5}},"12":{"start":{"line":18,"column":59},"end":{"line":25,"column":4}},"13":{"start":{"line":19,"column":4},"end":{"line":24,"column":null}},"14":{"start":{"line":20,"column":20},"end":{"line":20,"column":70}},"15":{"start":{"line":21,"column":6},"end":{"line":21,"column":24}},"16":{"start":{"line":23,"column":6},"end":{"line":23,"column":20}}},"fnMap":{"0":{"name":"(anonymous_7)","decl":{"start":{"line":6,"column":15},"end":{"line":6,"column":16}},"loc":{"start":{"line":6,"column":31},"end":{"line":26,"column":1}}},"1":{"name":"(anonymous_8)","decl":{"start":{"line":9,"column":18},"end":{"line":9,"column":25}},"loc":{"start":{"line":9,"column":56},"end":{"line":16,"column":4}}},"2":{"name":"(anonymous_9)","decl":{"start":{"line":9,"column":56},"end":{"line":9,"column":null}},"loc":{"start":{"line":9,"column":56},"end":{"line":16,"column":3}}},"3":{"name":"(anonymous_10)","decl":{"start":{"line":18,"column":21},"end":{"line":18,"column":28}},"loc":{"start":{"line":18,"column":59},"end":{"line":25,"column":4}}},"4":{"name":"(anonymous_11)","decl":{"start":{"line":18,"column":59},"end":{"line":18,"column":null}},"loc":{"start":{"line":18,"column":59},"end":{"line":25,"column":3}}}},"branchMap":{},"s":{"0":1,"1":1,"2":1,"3":1,"4":1,"5":1,"6":6,"7":6,"8":6,"9":6,"10":0,"11":1,"12":1,"13":1,"14":1,"15":1,"16":1},"f":{"0":1,"1":6,"2":6,"3":1,"4":1},"b":{}}
,"/opt/server/src/middleware/rateLimiter.ts": {"path":"/opt/server/src/middleware/rateLimiter.ts","statementMap":{"0":{"start":{"line":2,"column":0},"end":{"line":2,"column":34}},"1":{"start":{"line":5,"column":20},"end":{"line":20,"column":null}},"2":{"start":{"line":5,"column":77},"end":{"line":20,"column":null}},"3":{"start":{"line":6,"column":26},"end":{"line":6,"column":32}},"4":{"start":{"line":7,"column":8},"end":{"line":19,"column":null}},"5":{"start":{"line":8,"column":27},"end":{"line":8,"column":69}},"6":{"start":{"line":10,"column":12},"end":{"line":13,"column":null}},"7":{"start":{"line":11,"column":16},"end":{"line":11,"column":null}},"8":{"start":{"line":12,"column":16},"end":{"line":12,"column":null}},"9":{"start":{"line":15,"column":12},"end":{"line":15,"column":null}},"10":{"start":{"line":16,"column":12},"end":{"line":16,"column":null}},"11":{"start":{"line":18,"column":12},"end":{"line":18,"column":null}},"12":{"start":{"line":22,"column":0},"end":{"line":22,"column":27}}},"fnMap":{"0":{"name":"(anonymous_7)","decl":{"start":{"line":5,"column":20},"end":{"line":5,"column":27}},"loc":{"start":{"line":5,"column":77},"end":{"line":20,"column":null}}},"1":{"name":"(anonymous_8)","decl":{"start":{"line":5,"column":77},"end":{"line":5,"column":null}},"loc":{"start":{"line":5,"column":77},"end":{"line":20,"column":1}}}},"branchMap":{"0":{"loc":{"start":{"line":10,"column":12},"end":{"line":13,"column":null}},"type":"if","locations":[{"start":{"line":10,"column":12},"end":{"line":13,"column":null}}]}},"s":{"0":1,"1":1,"2":8,"3":8,"4":8,"5":8,"6":8,"7":0,"8":0,"9":8,"10":8,"11":0,"12":1},"f":{"0":8,"1":8},"b":{"0":[0]}}
}
