TN:
SF:src/app.ts
FN:7,getApp
FN:11,(anonymous_1)
FNF:2
FNH:2
FNDA:1,getApp
FNDA:1,(anonymous_1)
DA:1,1
DA:2,1
DA:3,1
DA:4,1
DA:5,1
DA:8,1
DA:10,1
DA:11,1
DA:12,1
DA:15,1
DA:16,1
DA:17,1
DA:18,1
DA:21,1
DA:23,1
DA:26,1
LF:16
LH:16
BRF:0
BRH:0
end_of_record
TN:
SF:src/database.ts
FNF:0
FNH:0
DA:2,1
DA:3,1
DA:5,1
DA:16,1
LF:4
LH:4
BRF:0
BRH:0
end_of_record
TN:
SF:src/redis.ts
FN:13,(anonymous_7)
FN:20,(anonymous_8)
FN:25,(anonymous_10)
FN:29,(anonymous_12)
FN:34,(anonymous_14)
FN:39,(anonymous_16)
FNF:6
FNH:4
FNDA:1,(anonymous_7)
FNDA:1,(anonymous_8)
FNDA:0,(anonymous_10)
FNDA:0,(anonymous_12)
FNDA:8,(anonymous_14)
FNDA:8,(anonymous_16)
DA:1,1
DA:7,1
DA:11,1
DA:14,1
DA:15,1
DA:18,1
DA:22,1
DA:26,0
DA:30,0
DA:31,0
DA:35,8
DA:36,8
DA:40,8
DA:45,1
DA:48,1
LF:15
LH:12
BRDA:14,0,0,1
BRF:1
BRH:1
end_of_record
TN:
SF:src/routes.ts
FN:4,(anonymous_0)
FNF:1
FNH:1
FNDA:1,(anonymous_0)
DA:1,1
DA:2,1
DA:4,1
DA:5,1
DA:6,1
DA:7,1
LF:6
LH:6
BRF:0
BRH:0
end_of_record
TN:
SF:src/feature/leads/helper.ts
FN:9,(anonymous_0)
FNF:1
FNH:1
FNDA:1,(anonymous_0)
DA:9,1
DA:11,1
DA:12,1
DA:14,1
DA:15,1
DA:17,1
DA:18,1
DA:19,1
DA:24,1
DA:26,1
DA:38,1
DA:52,1
DA:67,1
DA:95,1
LF:14
LH:14
BRF:0
BRH:0
end_of_record
TN:
SF:src/feature/leads/leads.ts
FN:8,(anonymous_7)
FN:8,(anonymous_8)
FN:15,(anonymous_9)
FN:15,(anonymous_10)
FN:18,(anonymous_11)
FN:18,(anonymous_12)
FN:30,(anonymous_13)
FN:76,(anonymous_14)
FN:91,(anonymous_15)
FN:110,(anonymous_16)
FN:110,(anonymous_17)
FNF:11
FNH:9
FNDA:1,(anonymous_7)
FNDA:1,(anonymous_8)
FNDA:6,(anonymous_9)
FNDA:6,(anonymous_10)
FNDA:6,(anonymous_11)
FNDA:6,(anonymous_12)
FNDA:0,(anonymous_13)
FNDA:6,(anonymous_14)
FNDA:0,(anonymous_15)
FNDA:1,(anonymous_16)
FNDA:1,(anonymous_17)
DA:1,1
DA:8,1
DA:9,1
DA:15,6
DA:17,6
DA:18,6
DA:19,6
DA:25,6
DA:26,5
DA:28,6
DA:29,0
DA:30,0
DA:31,0
DA:41,6
DA:42,2
DA:45,6
DA:47,6
DA:48,2
DA:50,2
DA:55,6
DA:72,6
DA:77,6
DA:89,6
DA:90,0
DA:91,0
DA:92,0
DA:101,6
DA:102,6
DA:107,6
DA:110,1
DA:111,1
DA:116,1
LF:32
LH:26
BRDA:25,0,0,5
BRDA:25,1,0,6
BRDA:25,1,1,6
BRDA:28,2,0,0
BRDA:41,3,0,2
BRDA:47,4,0,2
BRDA:82,5,0,6
BRDA:82,5,1,1
BRDA:89,6,0,0
BRF:9
BRH:7
end_of_record
TN:
SF:src/feature/leads/routes.ts
FN:6,(anonymous_7)
FN:9,(anonymous_8)
FN:9,(anonymous_9)
FN:18,(anonymous_10)
FN:18,(anonymous_11)
FNF:5
FNH:5
FNDA:1,(anonymous_7)
FNDA:6,(anonymous_8)
FNDA:6,(anonymous_9)
FNDA:1,(anonymous_10)
FNDA:1,(anonymous_11)
DA:1,1
DA:2,1
DA:4,1
DA:6,1
DA:7,1
DA:9,6
DA:10,6
DA:11,6
DA:12,6
DA:14,0
DA:18,1
DA:19,1
DA:20,1
DA:21,1
DA:23,1
LF:15
LH:14
BRF:0
BRH:0
end_of_record
TN:
SF:src/middleware/rateLimiter.ts
FN:5,(anonymous_7)
FN:5,(anonymous_8)
FNF:2
FNH:2
FNDA:8,(anonymous_7)
FNDA:8,(anonymous_8)
DA:2,1
DA:5,8
DA:6,8
DA:7,8
DA:8,8
DA:10,8
DA:11,0
DA:12,0
DA:15,8
DA:16,8
DA:18,0
DA:22,1
LF:12
LH:9
BRDA:10,0,0,0
BRF:1
BRH:0
end_of_record
